[09-May-2018 09:13:26 UTC] PHP Notice:  Undefined variable: propPriceDuration in C:\wamp\www\summerland\apartment.php on line 113
[09-May-2018 09:13:26 UTC] PHP Notice:  Undefined variable: duration in C:\wamp\www\summerland\apartment.php on line 113
[09-May-2018 09:13:26 UTC] PHP Notice:  Undefined variable: year in C:\wamp\www\summerland\apartment.php on line 113
[09-May-2018 09:14:21 UTC] PHP Notice:  Undefined variable: propPriceDuration in C:\wamp\www\summerland\apartment.php on line 113
[09-May-2018 09:14:21 UTC] PHP Notice:  Undefined variable: duration in C:\wamp\www\summerland\apartment.php on line 113
[09-May-2018 09:14:21 UTC] PHP Notice:  Undefined variable: year in C:\wamp\www\summerland\apartment.php on line 113
[15-May-2018 13:49:47 UTC] PHP Fatal error:  Maximum execution time of 30 seconds exceeded in C:\wamp\www\summerland\stripe-php-master\lib\Charge.php on line 47
[01-Jun-2018 12:40:29 UTC] PHP Fatal error:  Uncaught Error: Call to undefined function available() in C:\wamp\www\summerland\you.php:3
Stack trace:
#0 {main}
  thrown in C:\wamp\www\summerland\you.php on line 3
[01-Jun-2018 12:43:54 UTC] PHP Fatal error:  Uncaught Error: Call to undefined function available() in C:\wamp\www\summerland\you.php:3
Stack trace:
#0 {main}
  thrown in C:\wamp\www\summerland\you.php on line 3
[01-Jun-2018 12:44:24 UTC] PHP Fatal error:  Uncaught Error: Call to undefined function available() in C:\wamp\www\summerland\you.php:3
Stack trace:
#0 {main}
  thrown in C:\wamp\www\summerland\you.php on line 3
[01-Jun-2018 12:44:32 UTC] PHP Fatal error:  Uncaught Error: Call to undefined function available() in C:\wamp\www\summerland\you.php:3
Stack trace:
#0 {main}
  thrown in C:\wamp\www\summerland\you.php on line 3
[01-Jun-2018 12:44:47 UTC] PHP Fatal error:  Uncaught Error: Call to undefined function available() in C:\wamp\www\summerland\you.php:3
Stack trace:
#0 {main}
  thrown in C:\wamp\www\summerland\you.php on line 3
[01-Jun-2018 12:46:37 UTC] PHP Fatal error:  Uncaught Error: Call to undefined function available() in C:\wamp\www\summerland\you.php:3
Stack trace:
#0 {main}
  thrown in C:\wamp\www\summerland\you.php on line 3
[01-Jun-2018 12:46:38 UTC] PHP Fatal error:  Uncaught Error: Call to undefined function available() in C:\wamp\www\summerland\you.php:3
Stack trace:
#0 {main}
  thrown in C:\wamp\www\summerland\you.php on line 3
[01-Jun-2018 12:46:38 UTC] PHP Fatal error:  Uncaught Error: Call to undefined function available() in C:\wamp\www\summerland\you.php:3
Stack trace:
#0 {main}
  thrown in C:\wamp\www\summerland\you.php on line 3
[01-Jun-2018 12:46:38 UTC] PHP Fatal error:  Uncaught Error: Call to undefined function available() in C:\wamp\www\summerland\you.php:3
Stack trace:
#0 {main}
  thrown in C:\wamp\www\summerland\you.php on line 3
[01-Jun-2018 12:47:34 UTC] PHP Fatal error:  Uncaught Error: Call to undefined function available() in C:\wamp\www\summerland\you.php:3
Stack trace:
#0 {main}
  thrown in C:\wamp\www\summerland\you.php on line 3
[01-Jun-2018 12:48:18 UTC] PHP Parse error:  syntax error, unexpected 'public' (T_PUBLIC), expecting end of file in C:\wamp\www\summerland\me.php on line 2
[01-Jun-2018 12:50:01 UTC] PHP Fatal error:  Uncaught Error: Call to undefined function available() in C:\wamp\www\summerland\you.php:3
Stack trace:
#0 {main}
  thrown in C:\wamp\www\summerland\you.php on line 3
[01-Jun-2018 12:52:24 UTC] PHP Fatal error:  Uncaught Error: Call to undefined function available() in C:\wamp\www\summerland\me.php:9
Stack trace:
#0 {main}
  thrown in C:\wamp\www\summerland\me.php on line 9
[01-Jun-2018 13:03:43 UTC] PHP Fatal error:  Uncaught Error: Call to undefined function available() in C:\wamp\www\summerland\me.php:9
Stack trace:
#0 C:\wamp\www\summerland\you.php(2): include()
#1 {main}
  thrown in C:\wamp\www\summerland\me.php on line 9
[01-Jun-2018 13:04:13 UTC] PHP Fatal error:  Uncaught Error: Call to undefined function available() in C:\wamp\www\summerland\me.php:9
Stack trace:
#0 C:\wamp\www\summerland\you.php(2): include()
#1 {main}
  thrown in C:\wamp\www\summerland\me.php on line 9
[01-Jun-2018 13:04:14 UTC] PHP Fatal error:  Uncaught Error: Call to undefined function available() in C:\wamp\www\summerland\me.php:9
Stack trace:
#0 C:\wamp\www\summerland\you.php(2): include()
#1 {main}
  thrown in C:\wamp\www\summerland\me.php on line 9
[01-Jun-2018 13:04:14 UTC] PHP Fatal error:  Uncaught Error: Call to undefined function available() in C:\wamp\www\summerland\me.php:9
Stack trace:
#0 C:\wamp\www\summerland\you.php(2): include()
#1 {main}
  thrown in C:\wamp\www\summerland\me.php on line 9
[02-Jul-2018 05:43:21 UTC] PHP Warning:  mysqli_num_rows() expects parameter 1 to be mysqli_result, array given in C:\wamp\www\summerland\chibuzor.php on line 11
[02-Jul-2018 05:43:21 UTC] PHP Warning:  mysqli_num_rows() expects parameter 1 to be mysqli_result, array given in C:\wamp\www\summerland\chibuzor.php on line 11
[02-Jul-2018 05:43:21 UTC] PHP Warning:  mysqli_num_rows() expects parameter 1 to be mysqli_result, array given in C:\wamp\www\summerland\chibuzor.php on line 11
[02-Jul-2018 05:43:21 UTC] PHP Warning:  mysqli_num_rows() expects parameter 1 to be mysqli_result, array given in C:\wamp\www\summerland\chibuzor.php on line 11
[02-Jul-2018 05:47:54 UTC] PHP Warning:  mysqli_num_rows() expects parameter 1 to be mysqli_result, string given in C:\wamp\www\summerland\chibuzor.php on line 11
[02-Jul-2018 05:47:54 UTC] PHP Warning:  mysqli_num_rows() expects parameter 1 to be mysqli_result, string given in C:\wamp\www\summerland\chibuzor.php on line 11
[02-Jul-2018 05:47:54 UTC] PHP Warning:  mysqli_num_rows() expects parameter 1 to be mysqli_result, string given in C:\wamp\www\summerland\chibuzor.php on line 11
[02-Jul-2018 05:47:54 UTC] PHP Warning:  mysqli_num_rows() expects parameter 1 to be mysqli_result, string given in C:\wamp\www\summerland\chibuzor.php on line 11
[02-Jul-2018 05:48:04 UTC] PHP Warning:  mysqli_num_rows() expects parameter 1 to be mysqli_result, string given in C:\wamp\www\summerland\chibuzor.php on line 11
[02-Jul-2018 05:48:04 UTC] PHP Warning:  mysqli_num_rows() expects parameter 1 to be mysqli_result, string given in C:\wamp\www\summerland\chibuzor.php on line 11
[02-Jul-2018 05:48:04 UTC] PHP Warning:  mysqli_num_rows() expects parameter 1 to be mysqli_result, string given in C:\wamp\www\summerland\chibuzor.php on line 11
[02-Jul-2018 05:48:04 UTC] PHP Warning:  mysqli_num_rows() expects parameter 1 to be mysqli_result, string given in C:\wamp\www\summerland\chibuzor.php on line 11
[02-Jul-2018 05:51:32 UTC] PHP Notice:  Undefined variable: resultCheck in C:\wamp\www\summerland\chibuzor.php on line 13
[02-Jul-2018 12:00:30 UTC] PHP Notice:  Undefined variable: totalPDPResults in C:\wamp\www\summerland\chibuzor.php on line 17
[02-Jul-2018 12:02:17 UTC] PHP Notice:  Undefined variable: totalPDPResults in C:\wamp\www\summerland\chibuzor.php on line 17
[02-Jul-2018 12:06:30 UTC] PHP Notice:  Undefined variable: totalPDPResults in C:\wamp\www\summerland\chibuzor.php on line 24
[02-Jul-2018 12:31:53 UTC] PHP Fatal error:  Maximum execution time of 30 seconds exceeded in C:\wamp\www\summerland\chibuzor.php on line 17
[02-Jul-2018 12:31:54 UTC] PHP Fatal error:  Maximum execution time of 30 seconds exceeded in C:\wamp\www\summerland\chibuzor.php on line 17
[02-Jul-2018 12:31:55 UTC] PHP Fatal error:  Maximum execution time of 30 seconds exceeded in C:\wamp\www\summerland\chibuzor.php on line 17
[02-Jul-2018 12:32:17 UTC] PHP Fatal error:  Maximum execution time of 30 seconds exceeded in C:\wamp\www\summerland\chibuzor.php on line 17
[02-Jul-2018 12:40:29 UTC] PHP Notice:  Undefined variable: totalPDPResults in C:\wamp\www\summerland\chibuzor.php on line 17
[02-Jul-2018 12:40:29 UTC] PHP Notice:  Undefined variable: totalPDPResults in C:\wamp\www\summerland\chibuzor.php on line 17
[02-Jul-2018 12:40:29 UTC] PHP Notice:  Undefined variable: totalPDPResults in C:\wamp\www\summerland\chibuzor.php on line 17
[02-Jul-2018 12:40:29 UTC] PHP Notice:  Undefined variable: totalPDPResults in C:\wamp\www\summerland\chibuzor.php on line 17
[02-Jul-2018 12:40:29 UTC] PHP Notice:  Undefined variable: totalPDPResults in C:\wamp\www\summerland\chibuzor.php on line 22
[02-Jul-2018 16:51:04 UTC] PHP Notice:  Undefined variable: totalPDPResults in C:\wamp\www\summerland\chibuzor.php on line 22
[02-Jul-2018 16:52:17 UTC] PHP Notice:  Undefined variable: totalPDPResults in C:\wamp\www\summerland\chibuzor.php on line 22
[02-Jul-2018 16:56:31 UTC] PHP Notice:  Undefined index: party_sore in C:\wamp\www\summerland\chibuzor.php on line 16
[02-Jul-2018 16:56:31 UTC] PHP Notice:  Undefined index: party_sore in C:\wamp\www\summerland\chibuzor.php on line 17
[02-Jul-2018 16:56:31 UTC] PHP Notice:  Undefined index: party_sore in C:\wamp\www\summerland\chibuzor.php on line 16
[02-Jul-2018 16:56:31 UTC] PHP Notice:  Undefined index: party_sore in C:\wamp\www\summerland\chibuzor.php on line 17
[02-Jul-2018 16:56:31 UTC] PHP Notice:  Undefined index: party_sore in C:\wamp\www\summerland\chibuzor.php on line 16
[02-Jul-2018 16:56:31 UTC] PHP Notice:  Undefined index: party_sore in C:\wamp\www\summerland\chibuzor.php on line 17
[02-Jul-2018 16:56:31 UTC] PHP Notice:  Undefined index: party_sore in C:\wamp\www\summerland\chibuzor.php on line 16
[02-Jul-2018 16:56:31 UTC] PHP Notice:  Undefined index: party_sore in C:\wamp\www\summerland\chibuzor.php on line 17
[02-Jul-2018 16:56:31 UTC] PHP Notice:  Undefined index: party_sore in C:\wamp\www\summerland\chibuzor.php on line 16
[02-Jul-2018 16:56:31 UTC] PHP Notice:  Undefined index: party_sore in C:\wamp\www\summerland\chibuzor.php on line 17
[02-Jul-2018 16:56:31 UTC] PHP Notice:  Undefined index: party_sore in C:\wamp\www\summerland\chibuzor.php on line 16
[02-Jul-2018 16:56:31 UTC] PHP Notice:  Undefined index: party_sore in C:\wamp\www\summerland\chibuzor.php on line 17
[02-Jul-2018 16:56:31 UTC] PHP Notice:  Undefined index: party_sore in C:\wamp\www\summerland\chibuzor.php on line 16
[02-Jul-2018 16:56:31 UTC] PHP Notice:  Undefined index: party_sore in C:\wamp\www\summerland\chibuzor.php on line 17
[02-Jul-2018 16:56:31 UTC] PHP Notice:  Undefined index: party_sore in C:\wamp\www\summerland\chibuzor.php on line 16
[02-Jul-2018 16:56:31 UTC] PHP Notice:  Undefined index: party_sore in C:\wamp\www\summerland\chibuzor.php on line 17
[02-Jul-2018 16:56:31 UTC] PHP Notice:  Undefined index: party_sore in C:\wamp\www\summerland\chibuzor.php on line 16
[02-Jul-2018 16:56:31 UTC] PHP Notice:  Undefined index: party_sore in C:\wamp\www\summerland\chibuzor.php on line 17
[02-Jul-2018 16:56:31 UTC] PHP Notice:  Undefined index: party_sore in C:\wamp\www\summerland\chibuzor.php on line 16
[02-Jul-2018 16:56:31 UTC] PHP Notice:  Undefined index: party_sore in C:\wamp\www\summerland\chibuzor.php on line 17
[02-Jul-2018 16:56:31 UTC] PHP Notice:  Undefined index: party_sore in C:\wamp\www\summerland\chibuzor.php on line 16
[02-Jul-2018 16:56:31 UTC] PHP Notice:  Undefined index: party_sore in C:\wamp\www\summerland\chibuzor.php on line 17
[02-Jul-2018 16:56:31 UTC] PHP Notice:  Undefined index: party_sore in C:\wamp\www\summerland\chibuzor.php on line 16
[02-Jul-2018 16:56:31 UTC] PHP Notice:  Undefined index: party_sore in C:\wamp\www\summerland\chibuzor.php on line 17
[02-Jul-2018 16:56:31 UTC] PHP Notice:  Undefined index: party_sore in C:\wamp\www\summerland\chibuzor.php on line 16
[02-Jul-2018 16:56:31 UTC] PHP Notice:  Undefined index: party_sore in C:\wamp\www\summerland\chibuzor.php on line 17
[02-Jul-2018 16:56:31 UTC] PHP Notice:  Undefined index: party_sore in C:\wamp\www\summerland\chibuzor.php on line 16
[02-Jul-2018 16:56:31 UTC] PHP Notice:  Undefined index: party_sore in C:\wamp\www\summerland\chibuzor.php on line 17
[02-Jul-2018 16:56:31 UTC] PHP Notice:  Undefined index: party_sore in C:\wamp\www\summerland\chibuzor.php on line 16
[02-Jul-2018 16:56:31 UTC] PHP Notice:  Undefined index: party_sore in C:\wamp\www\summerland\chibuzor.php on line 17
[02-Jul-2018 16:56:31 UTC] PHP Notice:  Undefined index: party_sore in C:\wamp\www\summerland\chibuzor.php on line 16
[02-Jul-2018 16:56:31 UTC] PHP Notice:  Undefined index: party_sore in C:\wamp\www\summerland\chibuzor.php on line 17
[02-Jul-2018 16:56:31 UTC] PHP Notice:  Undefined index: party_sore in C:\wamp\www\summerland\chibuzor.php on line 16
[02-Jul-2018 16:56:31 UTC] PHP Notice:  Undefined index: party_sore in C:\wamp\www\summerland\chibuzor.php on line 17
[02-Jul-2018 16:56:31 UTC] PHP Notice:  Undefined index: party_sore in C:\wamp\www\summerland\chibuzor.php on line 16
[02-Jul-2018 16:56:31 UTC] PHP Notice:  Undefined index: party_sore in C:\wamp\www\summerland\chibuzor.php on line 17
[02-Jul-2018 16:56:31 UTC] PHP Notice:  Undefined index: party_sore in C:\wamp\www\summerland\chibuzor.php on line 16
[02-Jul-2018 16:56:31 UTC] PHP Notice:  Undefined index: party_sore in C:\wamp\www\summerland\chibuzor.php on line 17
[02-Jul-2018 16:56:31 UTC] PHP Notice:  Undefined index: party_sore in C:\wamp\www\summerland\chibuzor.php on line 16
[02-Jul-2018 16:56:31 UTC] PHP Notice:  Undefined index: party_sore in C:\wamp\www\summerland\chibuzor.php on line 17
[02-Jul-2018 16:56:31 UTC] PHP Notice:  Undefined index: party_sore in C:\wamp\www\summerland\chibuzor.php on line 16
[02-Jul-2018 16:56:31 UTC] PHP Notice:  Undefined index: party_sore in C:\wamp\www\summerland\chibuzor.php on line 17
[02-Jul-2018 16:56:31 UTC] PHP Notice:  Undefined index: party_sore in C:\wamp\www\summerland\chibuzor.php on line 16
[02-Jul-2018 16:56:31 UTC] PHP Notice:  Undefined index: party_sore in C:\wamp\www\summerland\chibuzor.php on line 17
[02-Jul-2018 16:56:31 UTC] PHP Notice:  Undefined index: party_sore in C:\wamp\www\summerland\chibuzor.php on line 16
[02-Jul-2018 16:56:31 UTC] PHP Notice:  Undefined index: party_sore in C:\wamp\www\summerland\chibuzor.php on line 17
[02-Jul-2018 16:56:31 UTC] PHP Notice:  Undefined index: party_sore in C:\wamp\www\summerland\chibuzor.php on line 16
[02-Jul-2018 16:56:31 UTC] PHP Notice:  Undefined index: party_sore in C:\wamp\www\summerland\chibuzor.php on line 17
[02-Jul-2018 16:56:31 UTC] PHP Notice:  Undefined index: party_sore in C:\wamp\www\summerland\chibuzor.php on line 16
[02-Jul-2018 16:56:31 UTC] PHP Notice:  Undefined index: party_sore in C:\wamp\www\summerland\chibuzor.php on line 17
[02-Jul-2018 16:56:31 UTC] PHP Notice:  Undefined index: party_sore in C:\wamp\www\summerland\chibuzor.php on line 16
[02-Jul-2018 16:56:31 UTC] PHP Notice:  Undefined index: party_sore in C:\wamp\www\summerland\chibuzor.php on line 17
[02-Jul-2018 16:56:31 UTC] PHP Notice:  Undefined index: party_sore in C:\wamp\www\summerland\chibuzor.php on line 16
[02-Jul-2018 16:56:31 UTC] PHP Notice:  Undefined index: party_sore in C:\wamp\www\summerland\chibuzor.php on line 17
[02-Jul-2018 16:56:31 UTC] PHP Notice:  Undefined index: party_sore in C:\wamp\www\summerland\chibuzor.php on line 16
[02-Jul-2018 16:56:31 UTC] PHP Notice:  Undefined index: party_sore in C:\wamp\www\summerland\chibuzor.php on line 17
[02-Jul-2018 16:56:31 UTC] PHP Notice:  Undefined index: party_sore in C:\wamp\www\summerland\chibuzor.php on line 16
[02-Jul-2018 16:56:31 UTC] PHP Notice:  Undefined index: party_sore in C:\wamp\www\summerland\chibuzor.php on line 17
[02-Jul-2018 16:56:31 UTC] PHP Notice:  Undefined index: party_sore in C:\wamp\www\summerland\chibuzor.php on line 16
[02-Jul-2018 16:56:31 UTC] PHP Notice:  Undefined index: party_sore in C:\wamp\www\summerland\chibuzor.php on line 17
[02-Jul-2018 16:56:31 UTC] PHP Notice:  Undefined index: party_sore in C:\wamp\www\summerland\chibuzor.php on line 16
[02-Jul-2018 16:56:31 UTC] PHP Notice:  Undefined index: party_sore in C:\wamp\www\summerland\chibuzor.php on line 17
[02-Jul-2018 16:56:31 UTC] PHP Notice:  Undefined index: party_sore in C:\wamp\www\summerland\chibuzor.php on line 16
[02-Jul-2018 16:56:31 UTC] PHP Notice:  Undefined index: party_sore in C:\wamp\www\summerland\chibuzor.php on line 17
[02-Jul-2018 16:56:31 UTC] PHP Notice:  Undefined index: party_sore in C:\wamp\www\summerland\chibuzor.php on line 16
[02-Jul-2018 16:56:31 UTC] PHP Notice:  Undefined index: party_sore in C:\wamp\www\summerland\chibuzor.php on line 17
[02-Jul-2018 16:56:31 UTC] PHP Notice:  Undefined index: party_sore in C:\wamp\www\summerland\chibuzor.php on line 16
[02-Jul-2018 16:56:31 UTC] PHP Notice:  Undefined index: party_sore in C:\wamp\www\summerland\chibuzor.php on line 17
[02-Jul-2018 16:56:31 UTC] PHP Notice:  Undefined index: party_sore in C:\wamp\www\summerland\chibuzor.php on line 16
[02-Jul-2018 16:56:31 UTC] PHP Notice:  Undefined index: party_sore in C:\wamp\www\summerland\chibuzor.php on line 17
[02-Jul-2018 16:56:31 UTC] PHP Notice:  Undefined index: party_sore in C:\wamp\www\summerland\chibuzor.php on line 16
[02-Jul-2018 16:56:31 UTC] PHP Notice:  Undefined index: party_sore in C:\wamp\www\summerland\chibuzor.php on line 17
[02-Jul-2018 16:56:31 UTC] PHP Notice:  Undefined variable: totalPDPResults in C:\wamp\www\summerland\chibuzor.php on line 24
[02-Jul-2018 16:56:59 UTC] PHP Notice:  Undefined variable: totalPDPResults in C:\wamp\www\summerland\chibuzor.php on line 24
[02-Jul-2018 17:05:30 UTC] PHP Notice:  Undefined variable: finalResults in C:\wamp\www\summerland\chibuzor.php on line 22
[02-Jul-2018 17:12:56 UTC] PHP Fatal error:  Cannot use [] for reading in C:\wamp\www\summerland\chibuzor.php on line 25
[26-Jul-2018 14:28:53 UTC] PHP Warning:  mysqli_num_rows() expects parameter 1 to be mysqli_result, boolean given in C:\wamp\www\summerland\register.php on line 19
